2023-07-18 09:03:07.633 [main] INFO  com.rs.mv.mvvs.Startup - [LSP:100101]ROCKET MV BASIC EXTENSION to start
2023-07-18 09:03:07.825 [main] INFO  com.rs.mv.mvvs.lsp.server.BasicLanguageServerLauncher - [LSP:100102]start pip server
2023-07-18 09:03:08.468 [main] INFO  com.rs.mv.mvvs.lsp.server.BasicLanguageServerLauncher - [LSP:100103]ROCKET MV BASIC EXTENSION start successful
2023-07-18 09:03:08.852 [pool-3-thread-1] INFO  com.rs.mv.mvvs.instance.workspace.WorkspaceManager - [workspace:200101]load all workspace folders start
2023-07-18 09:03:08.853 [pool-3-thread-1] INFO  com.rs.mv.mvvs.instance.workspace.WorkspaceManager - [workspace:20010201]root uri: file:///c%3A/Users/Manue/OneDrive/Documentos/Programaci%C3%B3n/UniVerse/UniVerseBasic
2023-07-18 09:03:08.855 [pool-3-thread-1] INFO  com.rs.mv.mvvs.instance.workspace.handler.FolderHandler - [workspace:200103]workspace contains workspace folder: file:///c%3A/Users/Manue/OneDrive/Documentos/Programaci%C3%B3n/UniVerse/UniVerseBasic
2023-07-18 09:03:09.013 [pool-3-thread-1] INFO  com.rs.mv.mvvs.instance.workspace.handler.FolderHandler - [workspace:200104]workspace folder will be cached: file:///c%3A/Users/Manue/OneDrive/Documentos/Programaci%C3%B3n/UniVerse/UniVerseBasic
2023-07-18 09:03:09.015 [pool-3-thread-1] INFO  com.rs.mv.mvvs.rmv.config.Config - [framework:30010101]config load start
2023-07-18 09:03:09.016 [pool-3-thread-1] INFO  com.rs.mv.mvvs.rmv.config.Config - [framework:30010102]project config path is : C:/Users/Manue/OneDrive/Documentos/Programación/UniVerse/UniVerseBasic/.rmv/config
2023-07-18 09:03:09.016 [pool-3-thread-1] INFO  com.rs.mv.mvvs.rmv.config.Config - [framework:30010103]resource config path is : /
2023-07-18 09:03:09.016 [pool-3-thread-1] INFO  com.rs.mv.mvvs.rmv.config.Config - [framework:30010104]user config path is : C:/Users/Manue
2023-07-18 09:03:09.265 [pool-3-thread-1] INFO  com.rs.mv.mvvs.rmv.config.Config - [framework:30010105]config load end
2023-07-18 09:03:09.266 [pool-3-thread-1] INFO  com.rs.mv.mvvs.rmv.documentation.BasicDocumentation - [framework:30020101]documentation load start
2023-07-18 09:03:09.268 [pool-3-thread-1] INFO  com.rs.mv.mvvs.rmv.documentation.reader.SystemDocReader - [framework:30020102]system documentation path: /documentation/UNIVERSE/
2023-07-18 09:03:09.270 [pool-3-thread-1] INFO  com.rs.mv.mvvs.rmv.documentation.reader.ProjectDocReader - [framework:30020103]project documentation brief file: C:\Users\Manue\OneDrive\Documentos\Programación\UniVerse\UniVerseBasic\.rmv\documentation\UNIVERSE\custom.json
2023-07-18 09:03:09.322 [pool-3-thread-1] INFO  com.rs.mv.mvvs.rmv.documentation.reader.UserDocReader - [framework:30020104]user documentation brief file: C:\Users\Manue\documentation\UNIVERSE\custom.json
2023-07-18 09:03:09.605 [pool-3-thread-1] INFO  com.rs.mv.mvvs.rmv.documentation.BasicDocumentation - [framework:30020105]documentation load end
2023-07-18 09:03:09.609 [pool-3-thread-1] INFO  com.rs.mv.mvvs.common.convertor.ConvertorManager - [framework:30030101]convertors for folder(C:/Users/Manue/OneDrive/Documentos/Programación/UniVerse/UniVerseBasic) load start
2023-07-18 09:03:09.683 [pool-3-thread-1] INFO  com.rs.mv.mvvs.common.convertor.ConvertorManager - [framework:30030102]comment convertor load finish
2023-07-18 09:03:10.586 [pool-3-thread-1] INFO  com.rs.mv.mvvs.common.convertor.ConvertorManager - [framework:30030103]keyword convertor load finish
2023-07-18 09:03:10.590 [pool-3-thread-1] INFO  com.rs.mv.mvvs.common.convertor.ConvertorManager - [framework:30030104]operator convertor load finish
2023-07-18 09:03:10.590 [pool-3-thread-1] INFO  com.rs.mv.mvvs.common.convertor.ConvertorManager - [framework:30030105]function name convertor load finish
2023-07-18 09:03:10.590 [pool-3-thread-1] INFO  com.rs.mv.mvvs.common.convertor.ConvertorManager - [framework:30030106]atVariable convertor load finish
2023-07-18 09:03:10.590 [pool-3-thread-1] INFO  com.rs.mv.mvvs.common.convertor.ConvertorManager - [framework:30030107]convertors for folder(C:/Users/Manue/OneDrive/Documentos/Programación/UniVerse/UniVerseBasic) load end
2023-07-18 09:03:10.640 [pool-3-thread-1] INFO  com.rs.mv.mvvs.rmv.config.CapabilityConfig - [framework:30010301]capabilities file(C:/Users/Manue/OneDrive/Documentos/Programación/UniVerse/UniVerseBasic/config/capability) doesn't exist or read error, default config will take effect
2023-07-18 09:03:10.642 [pool-3-thread-1] INFO  com.rs.mv.mvvs.instance.workspace.WorkspaceManager - [workspace:200105]load all workspace folders successful
2023-07-18 09:03:10.645 [pool-3-thread-1] INFO  com.rs.mv.mvvs.client.account.AccountManager - [client:40010101]load account manager start
2023-07-18 09:03:10.654 [pool-3-thread-1] INFO  com.rs.mv.mvvs.client.account.handler.CacheAccountHandler - [client:40010102]load cache account: 
2023-07-18 09:03:10.656 [pool-3-thread-1] INFO  com.rs.mv.mvvs.client.account.handler.ExternalAccountHandler - [client:40010103]load external account: 
2023-07-18 09:03:10.932 [pool-3-thread-1] INFO  com.rs.mv.mvvs.client.catalog.manager.U2CatalogManager - [client:400203]cache file auto update thread launch in UniVerseBasic account
2023-07-18 09:03:10.935 [pool-3-thread-1] INFO  com.rs.mv.mvvs.client.catalog.from.config.DirsConfigReader - [client:400206]parse dir config information
2023-07-18 09:03:10.937 [pool-3-thread-1] INFO  com.rs.mv.mvvs.client.catalog.from.config.MappingConfigReader - [client:400207]parse mapping config information
2023-07-18 09:03:10.985 [pool-3-thread-1] INFO  com.rs.mv.mvvs.client.catalog.manager.U2CatalogManager - [client:400202]start a schedule task to get global/local catalog for UniVerseBasic, its period 5s 
2023-07-18 09:03:10.986 [pool-3-thread-1] INFO  com.rs.mv.mvvs.client.catalog.manager.U2CatalogManager - [client:400203]cache file auto update thread launch in .git account
2023-07-18 09:03:10.986 [pool-3-thread-1] INFO  com.rs.mv.mvvs.client.catalog.from.config.DirsConfigReader - [client:400206]parse dir config information
2023-07-18 09:03:10.986 [pool-3-thread-1] INFO  com.rs.mv.mvvs.client.catalog.from.config.MappingConfigReader - [client:400207]parse mapping config information
2023-07-18 09:03:10.986 [pool-3-thread-1] INFO  com.rs.mv.mvvs.client.catalog.manager.U2CatalogManager - [client:400202]start a schedule task to get global/local catalog for .git, its period 5s 
2023-07-18 09:03:10.988 [pool-3-thread-1] INFO  com.rs.mv.mvvs.client.catalog.manager.U2CatalogManager - [client:400203]cache file auto update thread launch in logs account
2023-07-18 09:03:10.988 [pool-3-thread-1] INFO  com.rs.mv.mvvs.client.catalog.from.config.DirsConfigReader - [client:400206]parse dir config information
2023-07-18 09:03:10.988 [pool-3-thread-1] INFO  com.rs.mv.mvvs.client.catalog.from.config.MappingConfigReader - [client:400207]parse mapping config information
2023-07-18 09:03:10.988 [pool-3-thread-1] INFO  com.rs.mv.mvvs.client.catalog.manager.U2CatalogManager - [client:400202]start a schedule task to get global/local catalog for logs, its period 5s 
2023-07-18 09:03:10.990 [pool-3-thread-1] INFO  com.rs.mv.mvvs.client.catalog.manager.U2CatalogManager - [client:400203]cache file auto update thread launch in refs account
2023-07-18 09:03:10.990 [pool-3-thread-1] INFO  com.rs.mv.mvvs.client.catalog.from.config.DirsConfigReader - [client:400206]parse dir config information
2023-07-18 09:03:10.990 [pool-3-thread-1] INFO  com.rs.mv.mvvs.client.catalog.from.config.MappingConfigReader - [client:400207]parse mapping config information
2023-07-18 09:03:10.990 [pool-3-thread-1] INFO  com.rs.mv.mvvs.client.catalog.manager.U2CatalogManager - [client:400202]start a schedule task to get global/local catalog for refs, its period 5s 
2023-07-18 09:03:10.990 [pool-3-thread-1] INFO  com.rs.mv.mvvs.client.catalog.manager.U2CatalogManager - [client:400203]cache file auto update thread launch in remotes account
2023-07-18 09:03:10.990 [pool-3-thread-1] INFO  com.rs.mv.mvvs.client.catalog.from.config.DirsConfigReader - [client:400206]parse dir config information
2023-07-18 09:03:10.990 [pool-3-thread-1] INFO  com.rs.mv.mvvs.client.catalog.from.config.MappingConfigReader - [client:400207]parse mapping config information
2023-07-18 09:03:10.992 [pool-3-thread-1] INFO  com.rs.mv.mvvs.client.catalog.manager.U2CatalogManager - [client:400202]start a schedule task to get global/local catalog for remotes, its period 5s 
2023-07-18 09:03:10.992 [pool-3-thread-1] INFO  com.rs.mv.mvvs.client.catalog.manager.U2CatalogManager - [client:400203]cache file auto update thread launch in objects account
2023-07-18 09:03:10.992 [pool-3-thread-1] INFO  com.rs.mv.mvvs.client.catalog.from.config.DirsConfigReader - [client:400206]parse dir config information
2023-07-18 09:03:10.992 [pool-3-thread-1] INFO  com.rs.mv.mvvs.client.catalog.from.config.MappingConfigReader - [client:400207]parse mapping config information
2023-07-18 09:03:10.992 [pool-3-thread-1] INFO  com.rs.mv.mvvs.client.catalog.manager.U2CatalogManager - [client:400202]start a schedule task to get global/local catalog for objects, its period 5s 
2023-07-18 09:03:10.992 [pool-3-thread-1] INFO  com.rs.mv.mvvs.client.catalog.manager.U2CatalogManager - [client:400203]cache file auto update thread launch in refs account
2023-07-18 09:03:10.994 [pool-3-thread-1] INFO  com.rs.mv.mvvs.client.catalog.from.config.DirsConfigReader - [client:400206]parse dir config information
2023-07-18 09:03:10.994 [pool-3-thread-1] INFO  com.rs.mv.mvvs.client.catalog.from.config.MappingConfigReader - [client:400207]parse mapping config information
2023-07-18 09:03:10.995 [pool-3-thread-1] INFO  com.rs.mv.mvvs.client.catalog.manager.U2CatalogManager - [client:400202]start a schedule task to get global/local catalog for refs, its period 5s 
2023-07-18 09:03:10.995 [pool-3-thread-1] INFO  com.rs.mv.mvvs.client.catalog.manager.U2CatalogManager - [client:400203]cache file auto update thread launch in remotes account
2023-07-18 09:03:10.995 [pool-3-thread-1] INFO  com.rs.mv.mvvs.client.catalog.from.config.DirsConfigReader - [client:400206]parse dir config information
2023-07-18 09:03:10.995 [pool-3-thread-1] INFO  com.rs.mv.mvvs.client.catalog.from.config.MappingConfigReader - [client:400207]parse mapping config information
2023-07-18 09:03:10.996 [pool-3-thread-1] INFO  com.rs.mv.mvvs.client.catalog.manager.U2CatalogManager - [client:400202]start a schedule task to get global/local catalog for remotes, its period 5s 
2023-07-18 09:03:11.002 [pool-3-thread-1] INFO  com.rs.mv.mvvs.client.account.handler.ServerAccountHandler - [client:40010104]load server account: Account{name=remotes, path=C:/Users/Manue/OneDrive/Documentos/Programación/UniVerse/UniVerseBasic/.git/logs/refs/remotes, type=PREDICT}
Account{name=refs, path=C:/Users/Manue/OneDrive/Documentos/Programación/UniVerse/UniVerseBasic/.git/logs/refs, type=PREDICT}
Account{name=objects, path=C:/Users/Manue/OneDrive/Documentos/Programación/UniVerse/UniVerseBasic/.git/objects, type=PREDICT}
Account{name=remotes, path=C:/Users/Manue/OneDrive/Documentos/Programación/UniVerse/UniVerseBasic/.git/refs/remotes, type=PREDICT}
Account{name=UniVerseBasic, path=C:/Users/Manue/OneDrive/Documentos/Programación/UniVerse/UniVerseBasic, type=PREDICT}
Account{name=logs, path=C:/Users/Manue/OneDrive/Documentos/Programación/UniVerse/UniVerseBasic/.git/logs, type=PREDICT}
Account{name=refs, path=C:/Users/Manue/OneDrive/Documentos/Programación/UniVerse/UniVerseBasic/.git/refs, type=PREDICT}
Account{name=.git, path=C:/Users/Manue/OneDrive/Documentos/Programación/UniVerse/UniVerseBasic/.git, type=PREDICT}
2023-07-18 09:03:11.003 [pool-3-thread-1] INFO  com.rs.mv.mvvs.client.account.AccountManager - [client:40010105]load account manager finish
2023-07-18 09:03:11.003 [pool-3-thread-1] INFO  com.rs.mv.mvvs.instance.userspace.UserspaceManager - [framework:30010402]config file(C:\Users\Manue/.rmv/config) watcher launch successful
2023-07-18 09:03:11.135 [pool-3-thread-1] INFO  com.rs.mv.mvvs.lsp.feature.didopen.DidOpen - [LSP:100301]open basic file: file:///c%3A/Users/Manue/OneDrive/Documentos/Programaci%C3%B3n/UniVerse/UniVerseBasic/ABMT010
2023-07-18 09:03:11.142 [pool-3-thread-1] INFO  com.rs.mv.mvvs.lsp.feature.didopen.DidOpen - [LSP:100302]convert basic file uri to path: C:/Users/Manue/OneDrive/Documentos/Programación/UniVerse/UniVerseBasic/ABMT010
2023-07-18 09:03:11.290 [pool-3-thread-1] INFO  com.rs.mv.mvvs.client.catalog.from.scan.CurrentPathScanner - [client:400205]scan file in current open file directory(C:/Users/Manue/OneDrive/Documentos/Programación/UniVerse/UniVerseBasic)
2023-07-18 09:04:41.316 [pool-3-thread-1] INFO  com.rs.mv.mvvs.client.catalog.from.scan.CurrentPathScanner - [client:400205]scan file in current open file directory(C:/Users/Manue/OneDrive/Documentos/Programación/UniVerse/UniVerseBasic)
2023-07-18 09:45:23.451 [pool-3-thread-1] INFO  com.rs.mv.mvvs.client.catalog.from.scan.CurrentPathScanner - [client:400205]scan file in current open file directory(C:/Users/Manue/OneDrive/Documentos/Programación/UniVerse/UniVerseBasic)
2023-07-18 09:45:27.302 [pool-3-thread-1] INFO  com.rs.mv.mvvs.client.catalog.from.scan.CurrentPathScanner - [client:400205]scan file in current open file directory(C:/Users/Manue/OneDrive/Documentos/Programación/UniVerse/UniVerseBasic)
2023-07-18 10:11:15.220 [pool-3-thread-1] INFO  com.rs.mv.mvvs.lsp.feature.didopen.DidOpen - [LSP:100301]open basic file: file:///c%3A/Users/Manue/OneDrive/Documentos/Programaci%C3%B3n/UniVerse/UniVerseBasic/MAA.EJ01
2023-07-18 10:11:15.224 [pool-3-thread-1] INFO  com.rs.mv.mvvs.lsp.feature.didopen.DidOpen - [LSP:100302]convert basic file uri to path: C:/Users/Manue/OneDrive/Documentos/Programación/UniVerse/UniVerseBasic/MAA.EJ01
2023-07-18 10:11:15.226 [pool-3-thread-1] INFO  com.rs.mv.mvvs.client.catalog.from.scan.CurrentPathScanner - [client:400205]scan file in current open file directory(C:/Users/Manue/OneDrive/Documentos/Programación/UniVerse/UniVerseBasic)
2023-07-18 10:11:27.879 [pool-3-thread-1] INFO  com.rs.mv.mvvs.client.catalog.from.scan.CurrentPathScanner - [client:400205]scan file in current open file directory(C:/Users/Manue/OneDrive/Documentos/Programación/UniVerse/UniVerseBasic)
2023-07-18 10:11:50.440 [pool-3-thread-1] INFO  com.rs.mv.mvvs.client.catalog.from.scan.CurrentPathScanner - [client:400205]scan file in current open file directory(C:/Users/Manue/OneDrive/Documentos/Programación/UniVerse/UniVerseBasic)
2023-07-18 10:11:53.981 [pool-3-thread-1] INFO  com.rs.mv.mvvs.client.catalog.from.scan.CurrentPathScanner - [client:400205]scan file in current open file directory(C:/Users/Manue/OneDrive/Documentos/Programación/UniVerse/UniVerseBasic)
2023-07-18 10:12:01.726 [pool-3-thread-1] INFO  com.rs.mv.mvvs.client.catalog.from.scan.CurrentPathScanner - [client:400205]scan file in current open file directory(C:/Users/Manue/OneDrive/Documentos/Programación/UniVerse/UniVerseBasic)
2023-07-18 10:12:04.885 [pool-3-thread-1] INFO  com.rs.mv.mvvs.client.catalog.from.scan.CurrentPathScanner - [client:400205]scan file in current open file directory(C:/Users/Manue/OneDrive/Documentos/Programación/UniVerse/UniVerseBasic)
2023-07-18 10:12:13.208 [pool-3-thread-1] INFO  com.rs.mv.mvvs.client.catalog.from.scan.CurrentPathScanner - [client:400205]scan file in current open file directory(C:/Users/Manue/OneDrive/Documentos/Programación/UniVerse/UniVerseBasic)
2023-07-18 10:12:19.430 [pool-3-thread-1] INFO  com.rs.mv.mvvs.client.catalog.from.scan.CurrentPathScanner - [client:400205]scan file in current open file directory(C:/Users/Manue/OneDrive/Documentos/Programación/UniVerse/UniVerseBasic)
2023-07-18 10:21:13.138 [pool-3-thread-1] INFO  com.rs.mv.mvvs.client.catalog.from.scan.CurrentPathScanner - [client:400205]scan file in current open file directory(C:/Users/Manue/OneDrive/Documentos/Programación/UniVerse/UniVerseBasic)
2023-07-18 10:21:26.513 [pool-3-thread-1] INFO  com.rs.mv.mvvs.lsp.feature.didopen.DidOpen - [LSP:100301]open basic file: file:///c%3A/Users/Manue/OneDrive/Documentos/Programaci%C3%B3n/UniVerse/UniVerseBasic/PRIMER.PGM
2023-07-18 10:21:26.513 [pool-3-thread-1] INFO  com.rs.mv.mvvs.lsp.feature.didopen.DidOpen - [LSP:100302]convert basic file uri to path: C:/Users/Manue/OneDrive/Documentos/Programación/UniVerse/UniVerseBasic/PRIMER.PGM
2023-07-18 10:21:26.515 [pool-3-thread-1] INFO  com.rs.mv.mvvs.client.catalog.from.scan.CurrentPathScanner - [client:400205]scan file in current open file directory(C:/Users/Manue/OneDrive/Documentos/Programación/UniVerse/UniVerseBasic)
2023-07-18 11:26:24.519 [pool-3-thread-1] INFO  com.rs.mv.mvvs.client.catalog.from.scan.CurrentPathScanner - [client:400205]scan file in current open file directory(C:/Users/Manue/OneDrive/Documentos/Programación/UniVerse/UniVerseBasic)
2023-07-18 11:27:15.332 [main] WARN  com.rs.mv.mvvs.Startup - [LSP:100104]ROCKET MV BASIC EXTENSION exited
